
 
记录时间：2015-12-01 14:01:34,527 
线程ID:[9] 
日志级别：  INFO  
相关类：loginfo property: [(null)] - 
相关描述：客户端调用了一次getname方法
 

 
记录时间：2015-12-01 14:03:37,119 
线程ID:[44] 
日志级别：  INFO  
相关类：loginfo property: [(null)] - 
相关描述：客户端调用了一次getname方法
 

 
记录时间：2015-12-01 14:56:32,529 
线程ID:[108] 
日志级别：  ERROR 
相关类：logerror property: [(null)] - 
相关描述：客户端[IP:127.0.0.1] 请求身份验证失败。请求来源：http://127.0.0.1:81/a/b/c
 

 
记录时间：2015-12-01 14:57:56,687 
线程ID:[94] 
日志级别：  ERROR 
相关类：logerror property: [(null)] - 
相关描述：客户端[IP:127.0.0.1] 请求身份验证失败。请求来源：http://127.0.0.1:81/a/b/c
 

 
记录时间：2015-12-01 14:57:59,149 
线程ID:[94] 
日志级别：  ERROR 
相关类：logerror property: [(null)] - 
相关描述：客户端[IP:127.0.0.1] 请求身份验证失败。请求来源：http://127.0.0.1:81/a/b/c
 

 
记录时间：2015-12-01 14:58:00,245 
线程ID:[94] 
日志级别：  ERROR 
相关类：logerror property: [(null)] - 
相关描述：客户端[IP:127.0.0.1] 请求身份验证失败。请求来源：http://127.0.0.1:81/a/b/c
 

 
记录时间：2015-12-01 14:58:07,904 
线程ID:[118] 
日志级别：  ERROR 
相关类：logerror property: [(null)] - 
相关描述：客户端[IP:127.0.0.1] 请求身份验证失败。请求来源：http://127.0.0.1:81/a/b/c
 

 
记录时间：2015-12-01 14:58:08,774 
线程ID:[121] 
日志级别：  ERROR 
相关类：logerror property: [(null)] - 
相关描述：客户端[IP:127.0.0.1] 请求身份验证失败。请求来源：http://127.0.0.1:81/a/b/c
 

 
记录时间：2015-12-01 14:58:09,291 
线程ID:[118] 
日志级别：  ERROR 
相关类：logerror property: [(null)] - 
相关描述：客户端[IP:127.0.0.1] 请求身份验证失败。请求来源：http://127.0.0.1:81/a/b/c
 

 
记录时间：2015-12-01 14:58:09,876 
线程ID:[108] 
日志级别：  ERROR 
相关类：logerror property: [(null)] - 
相关描述：客户端[IP:127.0.0.1] 请求身份验证失败。请求来源：http://127.0.0.1:81/a/b/c
 

 
记录时间：2015-12-01 14:58:10,453 
线程ID:[108] 
日志级别：  ERROR 
相关类：logerror property: [(null)] - 
相关描述：客户端[IP:127.0.0.1] 请求身份验证失败。请求来源：http://127.0.0.1:81/a/b/c
 

 
记录时间：2015-12-01 14:58:44,208 
线程ID:[117] 
日志级别：  ERROR 
相关类：logerror property: [(null)] - 
相关描述：客户端[IP:127.0.0.1] 请求身份验证失败。请求来源：http://127.0.0.1:81/a/b/c
 

 
记录时间：2015-12-01 14:58:45,115 
线程ID:[117] 
日志级别：  ERROR 
相关类：logerror property: [(null)] - 
相关描述：客户端[IP:127.0.0.1] 请求身份验证失败。请求来源：http://127.0.0.1:81/a/b/c
 

 
记录时间：2015-12-01 14:59:07,742 
线程ID:[3] 
日志级别：  INFO  
相关类：loginfo property: [(null)] - 
相关描述：客户端调用了一次getname方法
 

 
记录时间：2015-12-01 15:00:56,241 
线程ID:[84] 
日志级别：  ERROR 
相关类：logerror property: [(null)] - 
相关描述：客户端[IP:::1] 请求身份验证失败。请求来源：http://localhost:54726/a/b/c?name=123
 

 
记录时间：2015-12-01 15:01:22,156 
线程ID:[84] 
日志级别：  ERROR 
相关类：logerror property: [(null)] - 
相关描述：客户端[IP:::1] 请求身份验证失败。请求来源：http://localhost:54726/a/b/c?name=123
 

 
记录时间：2015-12-01 15:02:07,890 
线程ID:[8] 
日志级别：  ERROR 
相关类：logerror property: [(null)] - 
相关描述：客户端[IP:::1] 请求参数含有SQL注入字符。请求来源：http://localhost:54726/a/b/c?name=delete
 

 
记录时间：2015-12-01 15:08:17,910 
线程ID:[30] 
日志级别：  INFO  
相关类：loginfo property: [(null)] - 
相关描述：客户端调用了一次getname方法
 
