
 
记录时间：2015-12-08 15:04:37,275 
线程ID:[12] 
日志级别：  INFO  
相关类：loginfo property: [(null)] - 
相关描述：客户端调用了一次getname方法
 

 
记录时间：2015-12-08 15:07:22,816 
线程ID:[23] 
日志级别：  INFO  
相关类：loginfo property: [(null)] - 
相关描述：客户端调用了一次getname方法
 

 
记录时间：2015-12-08 15:43:33,437 
线程ID:[7] 
日志级别：  INFO  
相关类：loginfo property: [(null)] - 
相关描述：客户端调用了一次getname方法
 

 
记录时间：2015-12-08 15:43:33,437 
线程ID:[3] 
日志级别：  INFO  
相关类：loginfo property: [(null)] - 
相关描述：客户端调用了一次getname方法
 

 
记录时间：2015-12-08 15:46:28,334 
线程ID:[3] 
日志级别：  INFO  
相关类：loginfo property: [(null)] - 
相关描述：客户端调用了一次getname方法
 

 
记录时间：2015-12-08 15:46:40,496 
线程ID:[8] 
日志级别：  INFO  
相关类：loginfo property: [(null)] - 
相关描述：客户端调用了一次getname方法
 

 
记录时间：2015-12-08 15:46:43,338 
线程ID:[7] 
日志级别：  INFO  
相关类：loginfo property: [(null)] - 
相关描述：客户端调用了一次getname方法
 

 
记录时间：2015-12-08 15:47:14,099 
线程ID:[8] 
日志级别：  INFO  
相关类：loginfo property: [(null)] - 
相关描述：客户端调用了一次getname方法
 

 
记录时间：2015-12-08 15:47:22,864 
线程ID:[7] 
日志级别：  INFO  
相关类：loginfo property: [(null)] - 
相关描述：客户端调用了一次getname方法
 

 
记录时间：2015-12-08 15:47:26,146 
线程ID:[3] 
日志级别：  INFO  
相关类：loginfo property: [(null)] - 
相关描述：客户端调用了一次getname方法
 

 
记录时间：2015-12-08 15:47:43,298 
线程ID:[7] 
日志级别：  INFO  
相关类：loginfo property: [(null)] - 
相关描述：客户端调用了一次getname方法
 

 
记录时间：2015-12-08 15:47:47,412 
线程ID:[11] 
日志级别：  INFO  
相关类：loginfo property: [(null)] - 
相关描述：客户端调用了一次getname方法
 

 
记录时间：2015-12-08 15:47:49,926 
线程ID:[18] 
日志级别：  INFO  
相关类：loginfo property: [(null)] - 
相关描述：客户端调用了一次getname方法
 

 
记录时间：2015-12-08 15:55:36,019 
线程ID:[38] 
日志级别：  INFO  
相关类：loginfo property: [(null)] - 
相关描述：客户端调用了一次getname方法
 

 
记录时间：2015-12-08 15:55:37,922 
线程ID:[38] 
日志级别：  INFO  
相关类：loginfo property: [(null)] - 
相关描述：客户端调用了一次getname方法
 

 
记录时间：2015-12-08 15:55:38,643 
线程ID:[28] 
日志级别：  INFO  
相关类：loginfo property: [(null)] - 
相关描述：客户端调用了一次getname方法
 

 
记录时间：2015-12-08 15:55:39,419 
线程ID:[17] 
日志级别：  INFO  
相关类：loginfo property: [(null)] - 
相关描述：客户端调用了一次getname方法
 

 
记录时间：2015-12-08 16:41:27,944 
线程ID:[3] 
日志级别：  ERROR 
相关类：logerror property: [(null)] - 
相关描述：客户端[IP:127.0.0.1] 请求身份验证失败。请求来源：http://127.0.0.1:81/a/b/d
 

 
记录时间：2015-12-08 16:41:36,516 
线程ID:[7] 
日志级别：  ERROR 
相关类：logerror property: [(null)] - 
相关描述：客户端[IP:127.0.0.1] 请求身份验证失败。请求来源：http://127.0.0.1:81/a/b/d
 

 
记录时间：2015-12-08 16:41:51,022 
线程ID:[3] 
日志级别：  ERROR 
相关类：logerror property: [(null)] - 
相关描述：客户端[IP:127.0.0.1] 请求身份验证失败。请求来源：http://127.0.0.1:81/a/b/d
 

 
记录时间：2015-12-08 16:42:00,806 
线程ID:[9] 
日志级别：  ERROR 
相关类：logerror property: [(null)] - 
相关描述：客户端[IP:127.0.0.1] 请求身份验证失败。请求来源：http://127.0.0.1:81/a/b/d
 
